<?xml version="1.0" encoding="UTF-8"?>
<!-- Generated by org.testng.reporters.JUnitReportReporter -->
<testsuite skipped="0" hostname="MCComputer" name="tutorial.Demo1" tests="1" failures="0" timestamp="2020-10-23T15:07:20 ICT" time="2.572" errors="0">
  <testcase name="TC_01" time="2.572" classname="tutorial.Demo1"/>
  <system-out/>
</testsuite> <!-- tutorial.Demo1 -->
