<?xml version="1.0" encoding="UTF-8"?>
<!-- Generated by org.testng.reporters.JUnitReportReporter -->
<testsuite skipped="0" hostname="MCComputer" name="javascriptExecutor.Demo_1" tests="1" failures="0" timestamp="2020-10-27T21:54:09 ICT" time="17.078" errors="0">
  <testcase name="TC_01" time="17.078" classname="javascriptExecutor.Demo_1"/>
  <system-out/>
</testsuite> <!-- javascriptExecutor.Demo_1 -->
