<?xml version="1.0" encoding="UTF-8"?>
<!-- Generated by org.testng.reporters.JUnitReportReporter -->
<testsuite skipped="0" hostname="MCComputer" name="tutorial.DemoCountAnnotation" tests="2" failures="0" timestamp="2020-10-23T15:22:06 ICT" time="0.030" errors="0">
  <testcase name="Test2" time="0.005" classname="tutorial.DemoCountAnnotation"/>
  <system-out/>
  <testcase name="Test" time="0.025" classname="tutorial.DemoCountAnnotation"/>
  <system-out/>
</testsuite> <!-- tutorial.DemoCountAnnotation -->
