<?xml version="1.0" encoding="UTF-8"?>
<!-- Generated by org.testng.reporters.JUnitReportReporter -->
<testsuite skipped="0" hostname="MCComputer" name="selenium.TestCase_01" tests="1" failures="0" timestamp="2020-10-22T17:11:06 ICT" time="21.519" errors="0">
  <testcase name="TC_02" time="21.519" classname="selenium.TestCase_01"/>
  <system-out/>
</testsuite> <!-- selenium.TestCase_01 -->
